#SQL 

`EXPLAIN` {запрос SQL} - выводит информацию о плане запроса

```SQL
EXPLAIN SELECT * FROM foo;
```
в таблице Foo миллион строк*
Вывод:
```SQL
QUERY PLAN  
— Seq Scan on foo (cost=0.00..18334.00 rows=1000000 width=37)  
(1 row)
```

- `Seq Scan` — вид сканирования, который используется.  
- `cost`- затратность операции. Первое значение `0.00` — затраты на получение первой строки. Второе — `18334.00` — затраты на получение всех строк.  
- `rows` — приблизительное количество возвращаемых строк при выполнении операции `Seq Scan`. Это значение возвращает планировщик.
- `width` — средний размер одной строки в байтах.

==Всё, что мы видели выше в выводе команды EXPLAIN — только ожидания планировщика!==

```SQL
EXPLAIN (ANALYZE) SELECT * FROM foo;
```
Вывод:
```SQL
QUERY PLAN  
— Seq Scan on foo (cost=0.00..18334.10 rows=1000010 width=37) (actual time=0.012..61.524 rows=1000010 loops=1) 
Heap Blocks: exact=596
Total runtime: 90.944 ms  
(2 rows)
```
Такой запрос будет исполняется реально. Так что если вы выполняете EXPLAIN (ANALYZE) для INSERT, DELETE или UPDATE, ваши данные изменятся. В таких случаях используйте команду ROLLBACK!

- `actual time` — реальное время в миллисекундах, затраченное для получения первой строки и всех строк соответственно.  
- `rows` — реальное количество строк, полученных при `Seq Scan`.  
- `loops` — сколько раз пришлось выполнить операцию `Seq Scan`.  
- `Heap Blocks` - сколько памяти выделено для считывания данных из таблицы
- `Total runtime` — общее время выполнения запроса.